Assignment_2_Arseniy_Levochkin_t/build/app/outputs/mapping/release/seeds.txt
com.example.helloworld.MainActivity: MainActivity()
com.example.helloworld.MainActivity
...
com.google.android.gms.internal.measurement.zzgp: com.google.android.gms.internal.measurement.zzkm zzd
com.google.android.gms.measurement.AppMeasurement: void setConditionalUserProperty(com.google.android.gms.measurement.AppMeasurement$ConditionalUserProperty)
androidx.window.R$styleable: int SplitPairFilter_secondaryActivityAction
androidx.window.layout.SidecarCompat$Companion: android.os.IBinder getActivityWindowToken$window_release(android.app.Activity)
com.google.android.gms.internal.measurement.zzgt
com.google.android.gms.internal.measurement.zzgk: com.google.android.gms.internal.measurement.zzkl zzf
com.google.firestore.v1.StructuredQuery$Projection: com.google.firestore.v1.StructuredQuery$Projection DEFAULT_INSTANCE
com.google.firestore.v1.CommitRequest: com.google.protobuf.ByteString transaction_
io.flutter.view.AccessibilityViewEmbedder: boolean performAction(int,int,android.os.Bundle)
androidx.window.embedding.ActivityRule: int hashCode()
com.google.firestore.v1.ListenResponse
com.google.firebase.firestore.model.MutableDocument$DocumentType: com.google.firebase.firestore.model.MutableDocument$DocumentType valueOf(java.lang.String)
androidx.window.embedding.ActivityStack: java.lang.String toString()
com.google.android.gms.internal.measurement.zzff: java.lang.String zzf
com.google.android.gms.internal.measurement.zzfh: int zzd
com.google.android.gms.internal.measurement.zzfv: int zzd
com.google.android.gms.internal.measurement.zzgy
androidx.window.R$styleable
io.flutter.plugins.firebase.core.FlutterFirebasePluginRegistry: com.google.android.gms.tasks.Task didReinitializeFirebaseCore()
com.google.firebase.crashlytics.CrashlyticsRegistrar: CrashlyticsRegistrar()
kotlin.coroutines.AbstractCoroutineContextElement: kotlin.coroutines.CoroutineContext minusKey(kotlin.coroutines.CoroutineContext$Key)
com.google.android.gms.common.internal.TelemetryData: android.os.Parcelable$Creator CREATOR
com.google.android.datatransport.Priority: com.google.android.datatransport.Priority[] values()
com.google.firestore.v1.ListenResponse: int DOCUMENT_CHANGE_FIELD_NUMBER
com.google.firestore.v1.RunAggregationQueryResponse: int TRANSACTION_FIELD_NUMBER
kotlinx.coroutines.android.AndroidExceptionPreHandler
io.flutter.plugin.editing.ImeSyncDeferringInsetsCallback: android.view.View view
android.support.v4.graphics.drawable.IconCompatParcelizer: void write(androidx.core.graphics.drawable.IconCompat,androidx.versionedparcelable.VersionedParcel)
com.google.firestore.v1.CommitRequest: com.google.protobuf.Internal$ProtobufList writes_
io.grpc.TlsChannelCredentials$Feature: io.grpc.TlsChannelCredentials$Feature valueOf(java.lang.String)
com.google.firestore.admin.v1.Index$QueryScope: com.google.firestore.admin.v1.Index$QueryScope[] values()
androidx.window.layout.FoldingFeature$Orientation: androidx.window.layout.FoldingFeature$Orientation$Companion Companion
kotlin.jvm.internal.CallableReference: java.lang.Object getBoundReceiver()
com.google.android.gms.signin.internal.zaa: android.os.Parcelable$Creator CREATOR
com.google.android.gms.internal.measurement.zzei: com.google.android.gms.internal.measurement.zzkm zzg
androidx.window.layout.FoldingFeature$Orientation: java.lang.String toString()
androidx.core.app.CoreComponentFactory
com.google.firestore.bundle.BundledQuery: com.google.protobuf.Parser PARSER
com.google.firestore.v1.Target$DocumentsTarget: com.google.protobuf.Parser PARSER
io.flutter.embedding.android.FlutterView: void setWindowInfoListenerDisplayFeatures(androidx.window.layout.WindowLayoutInfo)
com.google.android.gms.internal.measurement.zzfn: java.lang.String zzk
androidx.window.embedding.ActivityRule: java.util.Set filters
io.flutter.view.AccessibilityViewEmbedder: android.util.SparseArray flutterIdToOrigin
com.google.firestore.v1.ListenRequest: com.google.protobuf.MapFieldLite labels_
com.google.firestore.v1.Target: int RESUME_TOKEN_FIELD_NUMBER