Assignment_2_Arseniy_Levochkin_t/build/app/outputs/mapping/release/mapping.txt
# compiler: R8
# compiler_version: 2.1.62
# min_api: 21
# pg_map_id: 7db8cd7
# common_typos_disable
...
com.google.firebase.firestore.core.DocumentViewChange$Type -> com.google.firebase.firestore.e1.q0$a:
    com.google.firebase.firestore.core.DocumentViewChange$Type ADDED -> n
    com.google.firebase.firestore.core.DocumentViewChange$Type MODIFIED -> o
    com.google.firebase.firestore.core.DocumentViewChange$Type[] $VALUES -> q
    com.google.firebase.firestore.core.DocumentViewChange$Type METADATA -> p
    com.google.firebase.firestore.core.DocumentViewChange$Type REMOVED -> m
com.google.firebase.firestore.core.DocumentViewChangeSet -> com.google.firebase.firestore.e1.r0:
    java.util.TreeMap changes -> a
    void addChange(com.google.firebase.firestore.core.DocumentViewChange) -> a
    java.util.List getChanges() -> b
com.google.firebase.firestore.core.EventManager -> com.google.firebase.firestore.e1.s0:
    java.util.Map queries -> b
    java.util.Set snapshotsInSyncListeners -> c
    com.google.firebase.firestore.core.OnlineState onlineState -> d
    com.google.firebase.firestore.core.SyncEngine syncEngine -> a
    void handleOnlineStateChange(com.google.firebase.firestore.core.OnlineState) -> a
    void onError(com.google.firebase.firestore.core.Query,io.grpc.Status) -> b
    void onViewSnapshots(java.util.List) -> c
    int addQueryListener(com.google.firebase.firestore.core.QueryListener) -> d
    void addSnapshotsInSyncListener(com.google.firebase.firestore.EventListener) -> e
    void raiseSnapshotsInSyncEvent() -> f
    void removeQueryListener(com.google.firebase.firestore.core.QueryListener) -> g
    void removeSnapshotsInSyncListener(com.google.firebase.firestore.EventListener) -> h
com.google.firebase.firestore.core.EventManager$ListenOptions -> com.google.firebase.firestore.e1.s0$a:
    boolean includeDocumentMetadataChanges -> a
    boolean includeQueryMetadataChanges -> b
    boolean waitForSyncWhenOnline -> c
com.google.firebase.firestore.core.EventManager$QueryListenersInfo -> com.google.firebase.firestore.e1.s0$b:
    java.util.List listeners -> a
    com.google.firebase.firestore.core.ViewSnapshot viewSnapshot -> b
    int targetId -> c
    java.util.List access$000(com.google.firebase.firestore.core.EventManager$QueryListenersInfo) -> a
    com.google.firebase.firestore.core.ViewSnapshot access$100(com.google.firebase.firestore.core.EventManager$QueryListenersInfo) -> b
    com.google.firebase.firestore.core.ViewSnapshot access$102(com.google.firebase.firestore.core.EventManager$QueryListenersInfo,com.google.firebase.firestore.core.ViewSnapshot) -> c
    int access$200(com.google.firebase.firestore.core.EventManager$QueryListenersInfo) -> d
    int access$202(com.google.firebase.firestore.core.EventManager$QueryListenersInfo,int) -> e
com.google.firebase.firestore.core.FieldFilter -> com.google.firebase.firestore.e1.t0:
    com.google.firebase.firestore.core.FieldFilter$Operator operator -> a
    com.google.firestore.v1.Value value -> b
    com.google.firebase.firestore.model.FieldPath field -> c
    java.lang.String getCanonicalId() -> a
    java.util.List getFilters() -> b
    com.google.firebase.firestore.model.FieldPath getFirstInequalityField() -> c
    java.util.List getFlattenedFilters() -> d
    boolean matches(com.google.firebase.firestore.model.Document) -> e
    com.google.firebase.firestore.core.FieldFilter create(com.google.firebase.firestore.model.FieldPath,com.google.firebase.firestore.core.FieldFilter$Operator,com.google.firestore.v1.Value) -> f
    com.google.firebase.firestore.model.FieldPath getField() -> g
    com.google.firebase.firestore.core.FieldFilter$Operator getOperator() -> h
    com.google.firestore.v1.Value getValue() -> i
    boolean isInequality() -> j
    boolean matchesComparison(int) -> k
com.google.firebase.firestore.core.FieldFilter$1 -> com.google.firebase.firestore.e1.t0$a:
    int[] $SwitchMap$com$google$firebase$firestore$core$FieldFilter$Operator -> a