Assignment_2_Arseniy_Levochkin_t/build/app/outputs/mapping/release/usage.txt
com.example.helloworld.R$style
com.example.helloworld.R$bool
com.example.helloworld.R$color
com.example.helloworld.R$attr
com.example.helloworld.R$integer
com.example.helloworld.R$dimen
com.example.helloworld.R$raw
com.example.helloworld.BuildConfig
com.example.helloworld.R
com.example.helloworld.R$id
com.example.helloworld.R$string
com.example.helloworld.R$layout
com.example.helloworld.R$mipmap
com.example.helloworld.R$drawable
com.example.helloworld.R$styleable
...
com.google.common.primitives.Ints:
    private void <init>()
    public static int hashCode(int)
    public static int checkedCast(long)
    public static int compare(int,int)
    public static boolean contains(int[],int)
    public static int indexOf(int[],int)
    private static int indexOf(int[],int,int,int)
    public static int indexOf(int[],int[])
    public static int lastIndexOf(int[],int)
    private static int lastIndexOf(int[],int,int,int)
    public static varargs int min(int[])
    public static varargs int max(int[])
    public static int constrainToRange(int,int,int)
    public static varargs int[] concat(int[][])
    public static byte[] toByteArray(int)
    public static int fromByteArray(byte[])
    public static int fromBytes(byte,byte,byte,byte)
    public static com.google.common.base.Converter stringConverter()
    public static int[] ensureCapacity(int[],int,int)
    public static varargs java.lang.String join(java.lang.String,int[])
    public static java.util.Comparator lexicographicalComparator()
    public static void sortDescending(int[])
    public static void sortDescending(int[],int,int)
    public static void reverse(int[])
    public static void reverse(int[],int,int)
    public static int[] toArray(java.util.Collection)
    public static varargs java.util.List asList(int[])
    public static java.lang.Integer tryParse(java.lang.String)
    public static java.lang.Integer tryParse(java.lang.String,int)
com.google.firebase.dynamicloading.ComponentLoader:
    public abstract void discoverComponents()
kotlin.jvm.functions.Function18:
    public abstract java.lang.Object invoke(java.lang.Object,java.lang.Object,java.lang.Object,java.lang.Object,java.lang.Object,java.lang.Object,java.lang.Object,java.lang.Object,java.lang.Object,java.lang.Object,java.lang.Object,java.lang.Object,java.lang.Object,java.lang.Object,java.lang.Object,java.lang.Object,java.lang.Object,java.lang.Object)
com.google.common.cache.ReferenceEntry
com.google.firebase.database.collection.R$layout
androidx.versionedparcelable.VersionedParcel$ParcelException
com.google.type.Fraction
io.grpc.okhttp.OkHttpServerBuilder$ClientCertRequestingSocketFactory
com.google.protobuf.DescriptorProtos$UninterpretedOption$NamePart$Builder
com.google.android.gms.tasks.zzn:
    public final void zzc()
com.google.common.util.concurrent.AbstractScheduledService$CustomScheduler$Schedule
kotlin.contracts.CallsInPlace
io.flutter.plugins.firebase.core.R$layout
com.google.common.cache.LocalCache$WeakAccessWriteEntry
kotlin.ranges.UIntRange$Companion
com.google.common.base.Stopwatch:
    public static com.google.common.base.Stopwatch createUnstarted(com.google.common.base.Ticker)
    public static com.google.common.base.Stopwatch createStarted()
    public static com.google.common.base.Stopwatch createStarted(com.google.common.base.Ticker)
    void <init>(com.google.common.base.Ticker)
    public boolean isRunning()
    public com.google.common.base.Stopwatch stop()
com.google.longrunning.Operation$1
com.google.common.collect.Iterators$MergingIterator
org.checkerframework.checker.index.qual.NegativeIndexFor
com.google.android.gms.internal.stats.zzh
kotlin.UShort$Companion
kotlinx.coroutines.flow.FlowKt__TransformKt$onEach$$inlined$unsafeTransform$1$2$1
com.google.android.datatransport.runtime.logging.Logging:
    private void <init>()
    public static void d(java.lang.String,java.lang.String)
    public static void d(java.lang.String,java.lang.String,java.lang.Object,java.lang.Object)
    private static final java.lang.String LOG_PREFIX
    private static final int MAX_LOG_TAG_SIZE_IN_SDK_N
kotlin.jvm.internal.ArrayByteIterator
kotlin.collections.ArraysKt___ArraysKt$asIterable$$inlined$Iterable$9
com.google.api.Logging$LoggingDestinationOrBuilder
com.google.common.primitives.UnsignedLongs$ParseOverflowDetection
kotlin.reflect.KProperty1
com.google.protobuf.Field$Kind
kotlin.sequences.SequencesKt___SequencesKt$elementAt$1